C:\USERS\ERAN-TASKER DESKTOP\DOCUMENTS\VISUAL STUDIO 2010\PROJECTS\HOUGHLINES\DEBUG\HOUGHLINES.EXE
C:\USERS\ERAN-TASKER DESKTOP\DOCUMENTS\VISUAL STUDIO 2010\PROJECTS\HOUGHLINES\DEBUG\HOUGHLINES.ILK
C:\USERS\ERAN-TASKER DESKTOP\DOCUMENTS\VISUAL STUDIO 2010\PROJECTS\HOUGHLINES\DEBUG\HOUGHLINES.PDB
C:\Users\Eran-Tasker Desktop\Documents\Visual Studio 2010\Projects\HoughLines\HoughLines\Debug\cl.command.1.tlog
C:\Users\Eran-Tasker Desktop\Documents\Visual Studio 2010\Projects\HoughLines\HoughLines\Debug\CL.read.1.tlog
C:\Users\Eran-Tasker Desktop\Documents\Visual Studio 2010\Projects\HoughLines\HoughLines\Debug\CL.write.1.tlog
C:\USERS\ERAN-TASKER DESKTOP\DOCUMENTS\VISUAL STUDIO 2010\PROJECTS\HOUGHLINES\HOUGHLINES\DEBUG\HOUGHLINES.EXE.EMBED.MANIFEST
C:\USERS\ERAN-TASKER DESKTOP\DOCUMENTS\VISUAL STUDIO 2010\PROJECTS\HOUGHLINES\HOUGHLINES\DEBUG\HOUGHLINES.EXE.EMBED.MANIFEST.RES
C:\USERS\ERAN-TASKER DESKTOP\DOCUMENTS\VISUAL STUDIO 2010\PROJECTS\HOUGHLINES\HOUGHLINES\DEBUG\HOUGHLINES.EXE.INTERMEDIATE.MANIFEST
C:\USERS\ERAN-TASKER DESKTOP\DOCUMENTS\VISUAL STUDIO 2010\PROJECTS\HOUGHLINES\HOUGHLINES\DEBUG\HOUGHLINES_DEMO.OBJ
C:\Users\Eran-Tasker Desktop\Documents\Visual Studio 2010\Projects\HoughLines\HoughLines\Debug\HoughLines_manifest.rc
C:\Users\Eran-Tasker Desktop\Documents\Visual Studio 2010\Projects\HoughLines\HoughLines\Debug\link.14032.read.1.tlog
C:\Users\Eran-Tasker Desktop\Documents\Visual Studio 2010\Projects\HoughLines\HoughLines\Debug\link.14032.write.1.tlog
C:\Users\Eran-Tasker Desktop\Documents\Visual Studio 2010\Projects\HoughLines\HoughLines\Debug\link.14032-cvtres.read.1.tlog
C:\Users\Eran-Tasker Desktop\Documents\Visual Studio 2010\Projects\HoughLines\HoughLines\Debug\link.14032-cvtres.write.1.tlog
C:\Users\Eran-Tasker Desktop\Documents\Visual Studio 2010\Projects\HoughLines\HoughLines\Debug\link.command.1.tlog
C:\Users\Eran-Tasker Desktop\Documents\Visual Studio 2010\Projects\HoughLines\HoughLines\Debug\link.read.1.tlog
C:\Users\Eran-Tasker Desktop\Documents\Visual Studio 2010\Projects\HoughLines\HoughLines\Debug\link.write.1.tlog
C:\Users\Eran-Tasker Desktop\Documents\Visual Studio 2010\Projects\HoughLines\HoughLines\Debug\link-cvtres.read.1.tlog
C:\Users\Eran-Tasker Desktop\Documents\Visual Studio 2010\Projects\HoughLines\HoughLines\Debug\link-cvtres.write.1.tlog
C:\Users\Eran-Tasker Desktop\Documents\Visual Studio 2010\Projects\HoughLines\HoughLines\Debug\mt.command.1.tlog
C:\Users\Eran-Tasker Desktop\Documents\Visual Studio 2010\Projects\HoughLines\HoughLines\Debug\mt.read.1.tlog
C:\Users\Eran-Tasker Desktop\Documents\Visual Studio 2010\Projects\HoughLines\HoughLines\Debug\mt.write.1.tlog
C:\Users\Eran-Tasker Desktop\Documents\Visual Studio 2010\Projects\HoughLines\HoughLines\Debug\rc.command.1.tlog
C:\Users\Eran-Tasker Desktop\Documents\Visual Studio 2010\Projects\HoughLines\HoughLines\Debug\rc.read.1.tlog
C:\Users\Eran-Tasker Desktop\Documents\Visual Studio 2010\Projects\HoughLines\HoughLines\Debug\rc.write.1.tlog
C:\Users\Eran-Tasker Desktop\Documents\Visual Studio 2010\Projects\HoughLines\HoughLines\Debug\vc100.idb
C:\USERS\ERAN-TASKER DESKTOP\DOCUMENTS\VISUAL STUDIO 2010\PROJECTS\HOUGHLINES\HOUGHLINES\DEBUG\VC100.PDB
