C:\USERS\ERAN-TASKER DESKTOP\DOCUMENTS\VISUAL STUDIO 2010\PROJECTS\COURT-LINES\COURT-LINES\DEBUG\CANNYEDGE.OBJ
C:\Users\Eran-Tasker Desktop\Documents\Visual Studio 2010\Projects\court-lines\court-lines\Debug\cl.command.1.tlog
C:\Users\Eran-Tasker Desktop\Documents\Visual Studio 2010\Projects\court-lines\court-lines\Debug\CL.read.1.tlog
C:\Users\Eran-Tasker Desktop\Documents\Visual Studio 2010\Projects\court-lines\court-lines\Debug\CL.write.1.tlog
C:\USERS\ERAN-TASKER DESKTOP\DOCUMENTS\VISUAL STUDIO 2010\PROJECTS\COURT-LINES\COURT-LINES\DEBUG\COURTLINEDETECTOR.OBJ
C:\USERS\ERAN-TASKER DESKTOP\DOCUMENTS\VISUAL STUDIO 2010\PROJECTS\COURT-LINES\COURT-LINES\DEBUG\COURT-LINES.EXE.EMBED.MANIFEST
C:\USERS\ERAN-TASKER DESKTOP\DOCUMENTS\VISUAL STUDIO 2010\PROJECTS\COURT-LINES\COURT-LINES\DEBUG\COURT-LINES.EXE.EMBED.MANIFEST.RES
C:\USERS\ERAN-TASKER DESKTOP\DOCUMENTS\VISUAL STUDIO 2010\PROJECTS\COURT-LINES\COURT-LINES\DEBUG\COURT-LINES.EXE.INTERMEDIATE.MANIFEST
C:\Users\Eran-Tasker Desktop\Documents\Visual Studio 2010\Projects\court-lines\court-lines\Debug\court-lines_manifest.rc
C:\USERS\ERAN-TASKER DESKTOP\DOCUMENTS\VISUAL STUDIO 2010\PROJECTS\COURT-LINES\COURT-LINES\DEBUG\LINEUTIL.OBJ
C:\Users\Eran-Tasker Desktop\Documents\Visual Studio 2010\Projects\court-lines\court-lines\Debug\link.13068.read.1.tlog
C:\Users\Eran-Tasker Desktop\Documents\Visual Studio 2010\Projects\court-lines\court-lines\Debug\link.13068.write.1.tlog
C:\Users\Eran-Tasker Desktop\Documents\Visual Studio 2010\Projects\court-lines\court-lines\Debug\link.13068-cvtres.read.1.tlog
C:\Users\Eran-Tasker Desktop\Documents\Visual Studio 2010\Projects\court-lines\court-lines\Debug\link.13068-cvtres.write.1.tlog
C:\Users\Eran-Tasker Desktop\Documents\Visual Studio 2010\Projects\court-lines\court-lines\Debug\link.4832.read.1.tlog
C:\Users\Eran-Tasker Desktop\Documents\Visual Studio 2010\Projects\court-lines\court-lines\Debug\link.4832.write.1.tlog
C:\Users\Eran-Tasker Desktop\Documents\Visual Studio 2010\Projects\court-lines\court-lines\Debug\link.4832-cvtres.read.1.tlog
C:\Users\Eran-Tasker Desktop\Documents\Visual Studio 2010\Projects\court-lines\court-lines\Debug\link.4832-cvtres.write.1.tlog
C:\Users\Eran-Tasker Desktop\Documents\Visual Studio 2010\Projects\court-lines\court-lines\Debug\link.8308.read.1.tlog
C:\Users\Eran-Tasker Desktop\Documents\Visual Studio 2010\Projects\court-lines\court-lines\Debug\link.8308.write.1.tlog
C:\Users\Eran-Tasker Desktop\Documents\Visual Studio 2010\Projects\court-lines\court-lines\Debug\link.8308-cvtres.read.1.tlog
C:\Users\Eran-Tasker Desktop\Documents\Visual Studio 2010\Projects\court-lines\court-lines\Debug\link.8308-cvtres.write.1.tlog
C:\Users\Eran-Tasker Desktop\Documents\Visual Studio 2010\Projects\court-lines\court-lines\Debug\link.8828.read.1.tlog
C:\Users\Eran-Tasker Desktop\Documents\Visual Studio 2010\Projects\court-lines\court-lines\Debug\link.8828.write.1.tlog
C:\Users\Eran-Tasker Desktop\Documents\Visual Studio 2010\Projects\court-lines\court-lines\Debug\link.8828-cvtres.read.1.tlog
C:\Users\Eran-Tasker Desktop\Documents\Visual Studio 2010\Projects\court-lines\court-lines\Debug\link.8828-cvtres.write.1.tlog
C:\Users\Eran-Tasker Desktop\Documents\Visual Studio 2010\Projects\court-lines\court-lines\Debug\link.9156.read.1.tlog
C:\Users\Eran-Tasker Desktop\Documents\Visual Studio 2010\Projects\court-lines\court-lines\Debug\link.9156.write.1.tlog
C:\Users\Eran-Tasker Desktop\Documents\Visual Studio 2010\Projects\court-lines\court-lines\Debug\link.9156-cvtres.read.1.tlog
C:\Users\Eran-Tasker Desktop\Documents\Visual Studio 2010\Projects\court-lines\court-lines\Debug\link.9156-cvtres.write.1.tlog
C:\Users\Eran-Tasker Desktop\Documents\Visual Studio 2010\Projects\court-lines\court-lines\Debug\link.command.1.tlog
C:\Users\Eran-Tasker Desktop\Documents\Visual Studio 2010\Projects\court-lines\court-lines\Debug\link.read.1.tlog
C:\Users\Eran-Tasker Desktop\Documents\Visual Studio 2010\Projects\court-lines\court-lines\Debug\link.write.1.tlog
C:\Users\Eran-Tasker Desktop\Documents\Visual Studio 2010\Projects\court-lines\court-lines\Debug\link-cvtres.read.1.tlog
C:\Users\Eran-Tasker Desktop\Documents\Visual Studio 2010\Projects\court-lines\court-lines\Debug\link-cvtres.write.1.tlog
C:\Users\Eran-Tasker Desktop\Documents\Visual Studio 2010\Projects\court-lines\court-lines\Debug\mt.command.1.tlog
C:\Users\Eran-Tasker Desktop\Documents\Visual Studio 2010\Projects\court-lines\court-lines\Debug\mt.read.1.tlog
C:\Users\Eran-Tasker Desktop\Documents\Visual Studio 2010\Projects\court-lines\court-lines\Debug\mt.write.1.tlog
C:\Users\Eran-Tasker Desktop\Documents\Visual Studio 2010\Projects\court-lines\court-lines\Debug\rc.command.1.tlog
C:\Users\Eran-Tasker Desktop\Documents\Visual Studio 2010\Projects\court-lines\court-lines\Debug\rc.read.1.tlog
C:\Users\Eran-Tasker Desktop\Documents\Visual Studio 2010\Projects\court-lines\court-lines\Debug\rc.write.1.tlog
C:\USERS\ERAN-TASKER DESKTOP\DOCUMENTS\VISUAL STUDIO 2010\PROJECTS\COURT-LINES\COURT-LINES\DEBUG\RUN.OBJ
C:\Users\Eran-Tasker Desktop\Documents\Visual Studio 2010\Projects\court-lines\court-lines\Debug\vc100.idb
C:\USERS\ERAN-TASKER DESKTOP\DOCUMENTS\VISUAL STUDIO 2010\PROJECTS\COURT-LINES\COURT-LINES\DEBUG\VC100.PDB
C:\USERS\ERAN-TASKER DESKTOP\DOCUMENTS\VISUAL STUDIO 2010\PROJECTS\COURT-LINES\DEBUG\COURT-LINES.EXE
C:\USERS\ERAN-TASKER DESKTOP\DOCUMENTS\VISUAL STUDIO 2010\PROJECTS\COURT-LINES\DEBUG\COURT-LINES.ILK
C:\USERS\ERAN-TASKER DESKTOP\DOCUMENTS\VISUAL STUDIO 2010\PROJECTS\COURT-LINES\DEBUG\COURT-LINES.PDB
