C:\USERS\ERAN-TASKER DESKTOP\DOCUMENTS\VISUAL STUDIO 2010\PROJECTS\CHANGE FILENAME\CHANGE FILENAME\DEBUG\ALPHANUM.OBJ
C:\USERS\ERAN-TASKER DESKTOP\DOCUMENTS\VISUAL STUDIO 2010\PROJECTS\CHANGE FILENAME\CHANGE FILENAME\DEBUG\ALPHANUM2.OBJ
C:\USERS\ERAN-TASKER DESKTOP\DOCUMENTS\VISUAL STUDIO 2010\PROJECTS\CHANGE FILENAME\CHANGE FILENAME\DEBUG\CHANGE FILENAME.EXE.EMBED.MANIFEST
C:\USERS\ERAN-TASKER DESKTOP\DOCUMENTS\VISUAL STUDIO 2010\PROJECTS\CHANGE FILENAME\CHANGE FILENAME\DEBUG\CHANGE FILENAME.EXE.EMBED.MANIFEST.RES
C:\USERS\ERAN-TASKER DESKTOP\DOCUMENTS\VISUAL STUDIO 2010\PROJECTS\CHANGE FILENAME\CHANGE FILENAME\DEBUG\CHANGE FILENAME.EXE.INTERMEDIATE.MANIFEST
C:\Users\Eran-Tasker Desktop\Documents\Visual Studio 2010\Projects\Change Filename\Change Filename\Debug\Change Filename_manifest.rc
C:\Users\Eran-Tasker Desktop\Documents\Visual Studio 2010\Projects\Change Filename\Change Filename\Debug\cl.command.1.tlog
C:\Users\Eran-Tasker Desktop\Documents\Visual Studio 2010\Projects\Change Filename\Change Filename\Debug\CL.read.1.tlog
C:\Users\Eran-Tasker Desktop\Documents\Visual Studio 2010\Projects\Change Filename\Change Filename\Debug\CL.write.1.tlog
C:\Users\Eran-Tasker Desktop\Documents\Visual Studio 2010\Projects\Change Filename\Change Filename\Debug\link.6512.read.1.tlog
C:\Users\Eran-Tasker Desktop\Documents\Visual Studio 2010\Projects\Change Filename\Change Filename\Debug\link.6512.write.1.tlog
C:\Users\Eran-Tasker Desktop\Documents\Visual Studio 2010\Projects\Change Filename\Change Filename\Debug\link.6512-cvtres.read.1.tlog
C:\Users\Eran-Tasker Desktop\Documents\Visual Studio 2010\Projects\Change Filename\Change Filename\Debug\link.6512-cvtres.write.1.tlog
C:\Users\Eran-Tasker Desktop\Documents\Visual Studio 2010\Projects\Change Filename\Change Filename\Debug\link.7016.read.1.tlog
C:\Users\Eran-Tasker Desktop\Documents\Visual Studio 2010\Projects\Change Filename\Change Filename\Debug\link.7016.write.1.tlog
C:\Users\Eran-Tasker Desktop\Documents\Visual Studio 2010\Projects\Change Filename\Change Filename\Debug\link.7016-cvtres.read.1.tlog
C:\Users\Eran-Tasker Desktop\Documents\Visual Studio 2010\Projects\Change Filename\Change Filename\Debug\link.7016-cvtres.write.1.tlog
C:\Users\Eran-Tasker Desktop\Documents\Visual Studio 2010\Projects\Change Filename\Change Filename\Debug\link.8672.read.1.tlog
C:\Users\Eran-Tasker Desktop\Documents\Visual Studio 2010\Projects\Change Filename\Change Filename\Debug\link.8672.write.1.tlog
C:\Users\Eran-Tasker Desktop\Documents\Visual Studio 2010\Projects\Change Filename\Change Filename\Debug\link.8672-cvtres.read.1.tlog
C:\Users\Eran-Tasker Desktop\Documents\Visual Studio 2010\Projects\Change Filename\Change Filename\Debug\link.8672-cvtres.write.1.tlog
C:\Users\Eran-Tasker Desktop\Documents\Visual Studio 2010\Projects\Change Filename\Change Filename\Debug\link.9472.read.1.tlog
C:\Users\Eran-Tasker Desktop\Documents\Visual Studio 2010\Projects\Change Filename\Change Filename\Debug\link.9472.write.1.tlog
C:\Users\Eran-Tasker Desktop\Documents\Visual Studio 2010\Projects\Change Filename\Change Filename\Debug\link.9472-cvtres.read.1.tlog
C:\Users\Eran-Tasker Desktop\Documents\Visual Studio 2010\Projects\Change Filename\Change Filename\Debug\link.9472-cvtres.write.1.tlog
C:\Users\Eran-Tasker Desktop\Documents\Visual Studio 2010\Projects\Change Filename\Change Filename\Debug\link.9480.read.1.tlog
C:\Users\Eran-Tasker Desktop\Documents\Visual Studio 2010\Projects\Change Filename\Change Filename\Debug\link.9480.write.1.tlog
C:\Users\Eran-Tasker Desktop\Documents\Visual Studio 2010\Projects\Change Filename\Change Filename\Debug\link.9480-cvtres.read.1.tlog
C:\Users\Eran-Tasker Desktop\Documents\Visual Studio 2010\Projects\Change Filename\Change Filename\Debug\link.9480-cvtres.write.1.tlog
C:\Users\Eran-Tasker Desktop\Documents\Visual Studio 2010\Projects\Change Filename\Change Filename\Debug\link.9548.read.1.tlog
C:\Users\Eran-Tasker Desktop\Documents\Visual Studio 2010\Projects\Change Filename\Change Filename\Debug\link.9548.write.1.tlog
C:\Users\Eran-Tasker Desktop\Documents\Visual Studio 2010\Projects\Change Filename\Change Filename\Debug\link.9548-cvtres.read.1.tlog
C:\Users\Eran-Tasker Desktop\Documents\Visual Studio 2010\Projects\Change Filename\Change Filename\Debug\link.9548-cvtres.write.1.tlog
C:\Users\Eran-Tasker Desktop\Documents\Visual Studio 2010\Projects\Change Filename\Change Filename\Debug\link.command.1.tlog
C:\Users\Eran-Tasker Desktop\Documents\Visual Studio 2010\Projects\Change Filename\Change Filename\Debug\link.read.1.tlog
C:\Users\Eran-Tasker Desktop\Documents\Visual Studio 2010\Projects\Change Filename\Change Filename\Debug\link.write.1.tlog
C:\Users\Eran-Tasker Desktop\Documents\Visual Studio 2010\Projects\Change Filename\Change Filename\Debug\link-cvtres.read.1.tlog
C:\Users\Eran-Tasker Desktop\Documents\Visual Studio 2010\Projects\Change Filename\Change Filename\Debug\link-cvtres.write.1.tlog
C:\USERS\ERAN-TASKER DESKTOP\DOCUMENTS\VISUAL STUDIO 2010\PROJECTS\CHANGE FILENAME\CHANGE FILENAME\DEBUG\MERGESORT.OBJ
C:\Users\Eran-Tasker Desktop\Documents\Visual Studio 2010\Projects\Change Filename\Change Filename\Debug\mt.command.1.tlog
C:\Users\Eran-Tasker Desktop\Documents\Visual Studio 2010\Projects\Change Filename\Change Filename\Debug\mt.read.1.tlog
C:\Users\Eran-Tasker Desktop\Documents\Visual Studio 2010\Projects\Change Filename\Change Filename\Debug\mt.write.1.tlog
C:\USERS\ERAN-TASKER DESKTOP\DOCUMENTS\VISUAL STUDIO 2010\PROJECTS\CHANGE FILENAME\CHANGE FILENAME\DEBUG\QUICKSORT.OBJ
C:\Users\Eran-Tasker Desktop\Documents\Visual Studio 2010\Projects\Change Filename\Change Filename\Debug\rc.command.1.tlog
C:\Users\Eran-Tasker Desktop\Documents\Visual Studio 2010\Projects\Change Filename\Change Filename\Debug\rc.read.1.tlog
C:\Users\Eran-Tasker Desktop\Documents\Visual Studio 2010\Projects\Change Filename\Change Filename\Debug\rc.write.1.tlog
C:\USERS\ERAN-TASKER DESKTOP\DOCUMENTS\VISUAL STUDIO 2010\PROJECTS\CHANGE FILENAME\CHANGE FILENAME\DEBUG\RUN.OBJ
C:\Users\Eran-Tasker Desktop\Documents\Visual Studio 2010\Projects\Change Filename\Change Filename\Debug\vc100.idb
C:\USERS\ERAN-TASKER DESKTOP\DOCUMENTS\VISUAL STUDIO 2010\PROJECTS\CHANGE FILENAME\CHANGE FILENAME\DEBUG\VC100.PDB
C:\USERS\ERAN-TASKER DESKTOP\DOCUMENTS\VISUAL STUDIO 2010\PROJECTS\CHANGE FILENAME\DEBUG\CHANGE FILENAME.EXE
C:\USERS\ERAN-TASKER DESKTOP\DOCUMENTS\VISUAL STUDIO 2010\PROJECTS\CHANGE FILENAME\DEBUG\CHANGE FILENAME.ILK
C:\USERS\ERAN-TASKER DESKTOP\DOCUMENTS\VISUAL STUDIO 2010\PROJECTS\CHANGE FILENAME\DEBUG\CHANGE FILENAME.PDB
