C:\USERS\ERAN-TASKER (SAGER)\DOCUMENTS\VISUAL STUDIO 2010\PROJECTS\CHANGE FILENAME\CHANGE FILENAME\RELEASE\UI.OBJ
C:\USERS\ERAN-TASKER (SAGER)\DOCUMENTS\VISUAL STUDIO 2010\PROJECTS\CHANGE FILENAME\CHANGE FILENAME\RELEASE\RUN.OBJ
C:\USERS\ERAN-TASKER (SAGER)\DOCUMENTS\VISUAL STUDIO 2010\PROJECTS\CHANGE FILENAME\CHANGE FILENAME\RELEASE\QUICKSORT.OBJ
C:\USERS\ERAN-TASKER (SAGER)\DOCUMENTS\VISUAL STUDIO 2010\PROJECTS\CHANGE FILENAME\CHANGE FILENAME\RELEASE\MERGESORT.OBJ
C:\USERS\ERAN-TASKER (SAGER)\DOCUMENTS\VISUAL STUDIO 2010\PROJECTS\CHANGE FILENAME\CHANGE FILENAME\RELEASE\FILEMANIP.OBJ
C:\USERS\ERAN-TASKER (SAGER)\DOCUMENTS\VISUAL STUDIO 2010\PROJECTS\CHANGE FILENAME\CHANGE FILENAME\RELEASE\ALPHANUM.OBJ
C:\USERS\ERAN-TASKER (SAGER)\DOCUMENTS\VISUAL STUDIO 2010\PROJECTS\CHANGE FILENAME\CHANGE FILENAME\RELEASE\VC100.PDB
C:\USERS\ERAN-TASKER (SAGER)\DOCUMENTS\VISUAL STUDIO 2010\PROJECTS\CHANGE FILENAME\RELEASE\CHANGE FILENAME.EXE
C:\USERS\ERAN-TASKER (SAGER)\DOCUMENTS\VISUAL STUDIO 2010\PROJECTS\CHANGE FILENAME\CHANGE FILENAME\RELEASE\CHANGE FILENAME.EXE.INTERMEDIATE.MANIFEST
C:\USERS\ERAN-TASKER (SAGER)\DOCUMENTS\VISUAL STUDIO 2010\PROJECTS\CHANGE FILENAME\RELEASE\CHANGE FILENAME.PDB
C:\Users\Eran-Tasker (Sager)\Documents\Visual Studio 2010\Projects\Change Filename\Change Filename\Release\alphanum.obj
C:\Users\Eran-Tasker (Sager)\Documents\Visual Studio 2010\Projects\Change Filename\Change Filename\Release\alphanum_old.obj
C:\Users\Eran-Tasker (Sager)\Documents\Visual Studio 2010\Projects\Change Filename\Change Filename\Release\FileManip.obj
C:\Users\Eran-Tasker (Sager)\Documents\Visual Studio 2010\Projects\Change Filename\Change Filename\Release\mergesort.obj
C:\Users\Eran-Tasker (Sager)\Documents\Visual Studio 2010\Projects\Change Filename\Change Filename\Release\quicksort.obj
C:\Users\Eran-Tasker (Sager)\Documents\Visual Studio 2010\Projects\Change Filename\Change Filename\Release\run.obj
C:\Users\Eran-Tasker (Sager)\Documents\Visual Studio 2010\Projects\Change Filename\Change Filename\Release\UI.obj
C:\Users\Eran-Tasker (Sager)\Documents\Visual Studio 2010\Projects\Change Filename\Change Filename\Release\cl.command.1.tlog
C:\Users\Eran-Tasker (Sager)\Documents\Visual Studio 2010\Projects\Change Filename\Change Filename\Release\CL.read.1.tlog
C:\Users\Eran-Tasker (Sager)\Documents\Visual Studio 2010\Projects\Change Filename\Change Filename\Release\CL.write.1.tlog
C:\Users\Eran-Tasker (Sager)\Documents\Visual Studio 2010\Projects\Change Filename\Change Filename\Release\link.command.1.tlog
C:\Users\Eran-Tasker (Sager)\Documents\Visual Studio 2010\Projects\Change Filename\Change Filename\Release\link.read.1.tlog
C:\Users\Eran-Tasker (Sager)\Documents\Visual Studio 2010\Projects\Change Filename\Change Filename\Release\link.write.1.tlog
C:\Users\Eran-Tasker (Sager)\Documents\Visual Studio 2010\Projects\Change Filename\Change Filename\Release\mt.command.1.tlog
C:\Users\Eran-Tasker (Sager)\Documents\Visual Studio 2010\Projects\Change Filename\Change Filename\Release\mt.read.1.tlog
C:\Users\Eran-Tasker (Sager)\Documents\Visual Studio 2010\Projects\Change Filename\Change Filename\Release\mt.write.1.tlog
C:\Users\Eran-Tasker (Sager)\Documents\Visual Studio 2010\Projects\Change Filename\Change Filename\Release\Change Filename.exe.intermediate.manifest
C:\Users\Eran-Tasker (Sager)\Documents\Visual Studio 2010\Projects\Change Filename\Change Filename\Release\vc100.pdb
C:\Users\Eran-Tasker (Sager)\Documents\Visual Studio 2010\Projects\Change Filename\Release\Change Filename.pdb
C:\Users\Eran-Tasker (Sager)\Documents\Visual Studio 2010\Projects\Change Filename\Release\Change Filename.exe
