Build started 21/10/2013 4:33:00 PM.
     1>Project "C:\Users\Eran-Tasker Desktop\Documents\Visual Studio 2010\Projects\Change Filename GUI\Change Filename GUI\Change Filename GUI.vcxproj" on node 2 (build target(s)).
     1>InitializeBuildStatus:
         Creating "Debug\Change Filename GUI.unsuccessfulbuild" because "AlwaysCreate" was specified.
       ClCompile:
         All outputs are up-to-date.
         c:\Program Files (x86)\Microsoft Visual Studio 10.0\VC\bin\CL.exe /c /ZI /nologo /W3 /WX- /Od /Oy- /D WIN32 /D _DEBUG /D _WINDOWS /D _UNICODE /D UNICODE /Gm /EHsc /RTC1 /MDd /GS /fp:precise /Zc:wchar_t /Zc:forScope /Yu"StdAfx.h" /Fp"Debug\Change Filename GUI.pch" /Fo"Debug\\" /Fd"Debug\vc100.pdb" /Gd /TP /analyze- /errorReport:prompt "Change Filename GUI.cpp"
         Change Filename GUI.cpp
       ResourceCompile:
         All outputs are up-to-date.
       ManifestResourceCompile:
         All outputs are up-to-date.
       Link:
         c:\Program Files (x86)\Microsoft Visual Studio 10.0\VC\bin\link.exe /ERRORREPORT:PROMPT /OUT:"C:\Users\Eran-Tasker Desktop\Documents\Visual Studio 2010\Projects\Change Filename GUI\Debug\Change Filename GUI.exe" /INCREMENTAL /NOLOGO kernel32.lib user32.lib gdi32.lib winspool.lib comdlg32.lib advapi32.lib shell32.lib ole32.lib oleaut32.lib uuid.lib odbc32.lib odbccp32.lib /MANIFEST /ManifestFile:"Debug\Change Filename GUI.exe.intermediate.manifest" /MANIFESTUAC:"level='asInvoker' uiAccess='false'" /DEBUG /PDB:"C:\Users\Eran-Tasker Desktop\Documents\Visual Studio 2010\Projects\Change Filename GUI\Debug\Change Filename GUI.pdb" /SUBSYSTEM:WINDOWS /TLBID:1 /DYNAMICBASE /NXCOMPAT /IMPLIB:"C:\Users\Eran-Tasker Desktop\Documents\Visual Studio 2010\Projects\Change Filename GUI\Debug\Change Filename GUI.lib" /MACHINE:X86 "Debug\Change Filename GUI.res"
         "Debug\Change Filename GUI.exe.embed.manifest.res"
         "Debug\Change Filename GUI.obj"
         Debug\stdafx.obj
       Manifest:
         C:\Program Files (x86)\Microsoft SDKs\Windows\v7.0A\bin\mt.exe /nologo /verbose /out:"Debug\Change Filename GUI.exe.embed.manifest" /manifest "Debug\Change Filename GUI.exe.intermediate.manifest"
         All outputs are up-to-date.
       LinkEmbedManifest:
         All outputs are up-to-date.
         Change Filename GUI.vcxproj -> C:\Users\Eran-Tasker Desktop\Documents\Visual Studio 2010\Projects\Change Filename GUI\Debug\Change Filename GUI.exe
       FinalizeBuildStatus:
         Deleting file "Debug\Change Filename GUI.unsuccessfulbuild".
         Touching "Debug\Change Filename GUI.lastbuildstate".
     1>Done Building Project "C:\Users\Eran-Tasker Desktop\Documents\Visual Studio 2010\Projects\Change Filename GUI\Change Filename GUI\Change Filename GUI.vcxproj" (build target(s)).

Build succeeded.

Time Elapsed 00:00:00.94
